AWish/build/app/intermediates/manifest_merge_blame_file/release/manifest-merger-blame-release-report.txt
1<?xml version="1.0" encoding="utf-8"?>
2<manifest xmlns:android="http://schemas.android.com/apk/res/android"
3    package="com.example.flutterapp"
4    android:versionCode="4001"
5    android:versionName="1.0.0" >
6
7    <uses-sdk
8        android:minSdkVersion="19"
8-->src\main\AndroidManifest.xml
9        android:targetSdkVersion="33" />
9-->src\main\AndroidManifest.xml
10
11    <uses-permission android:name="android.permission.INTERNET" />
11-->[:firebase_messaging] AndroidManifest.xml:7:5-67
11-->[:firebase_messaging] AndroidManifest.xml:7:22-64
12    <uses-permission android:name="android.permission.WAKE_LOCK" />
12-->[:firebase_messaging] AndroidManifest.xml:8:5-68
12-->[:firebase_messaging] AndroidManifest.xml:8:22-65
13    <uses-permission android:name="android.permission.ACCESS_NETWORK_STATE" /> <!-- Permissions options for the `notification` group -->
13-->[:firebase_messaging] AndroidManifest.xml:9:5-79
13-->[:firebase_messaging] AndroidManifest.xml:9:22-76
14    <uses-permission android:name="android.permission.POST_NOTIFICATIONS" /> <!-- Required by older versions of Google Play services to create IID tokens -->
14-->[:firebase_messaging] AndroidManifest.xml:11:5-77
14-->[:firebase_messaging] AndroidManifest.xml:11:22-74
15    <uses-permission android:name="com.google.android.c2dm.permission.RECEIVE" />
15-->[com.google.firebase:firebase-messaging:23.1.2] AndroidManifest.xml:28:5-82
15-->[com.google.firebase:firebase-messaging:23.1.2] AndroidManifest.xml:28:22-79
16    <uses-permission android:name="com.google.android.gms.permission.AD_ID" />
16-->[com.google.android.gms:play-services-measurement-api:21.3.0] AndroidManifest.xml:25:5-79
16-->[com.google.android.gms:play-services-measurement-api:21.3.0] AndroidManifest.xml:25:22-76
17    <uses-permission android:name="com.google.android.finsky.permission.BIND_GET_INSTALL_REFERRER_SERVICE" />
17-->[com.google.android.gms:play-services-measurement:21.3.0] AndroidManifest.xml:26:5-110
17-->[com.google.android.gms:play-services-measurement:21.3.0] AndroidManifest.xml:26:22-107
18
19    <application
20        android:name="android.app.Application"
20-->src\main\AndroidManifest.xml:5:9-42
21        android:appComponentFactory="androidx.core.app.CoreComponentFactory"
21-->[androidx.core:core:1.6.0] AndroidManifest.xml:24:18-86
22        android:icon="@mipmap/ic_launcher"
22-->src\main\AndroidManifest.xml:6:9-43
23        android:label="EMRE" >
23-->src\main\AndroidManifest.xml:4:9-29
24        <activity
24-->src\main\AndroidManifest.xml:7:9-27:20
25            android:name="com.example.flutterapp.MainActivity"
25-->src\main\AndroidManifest.xml:8:13-41
26            android:configChanges="orientation|keyboardHidden|keyboard|screenSize|smallestScreenSize|locale|layoutDirection|fontScale|screenLayout|density|uiMode"
26-->src\main\AndroidManifest.xml:12:13-163
27            android:exported="true"
27-->src\main\AndroidManifest.xml:9:13-36
28            android:hardwareAccelerated="true"
28-->src\main\AndroidManifest.xml:13:13-47
29            android:launchMode="singleTop"
29-->src\main\AndroidManifest.xml:10:13-43
30            android:theme="@style/LaunchTheme"
30-->src\main\AndroidManifest.xml:11:13-47
31            android:windowSoftInputMode="adjustResize" >
31-->src\main\AndroidManifest.xml:14:13-55
32
33            <!--
34                 Specifies an Android theme to apply to this Activity as soon as
35                 the Android process has started. This theme is visible to the user
36                 while the Flutter UI initializes. After that, this theme continues
37                 to determine the Window background behind the Flutter UI.
38            -->
39            <meta-data
39-->src\main\AndroidManifest.xml:19:13-22:17
40                android:name="io.flutter.embedding.android.NormalTheme"
40-->src\main\AndroidManifest.xml:20:15-70
41                android:resource="@style/NormalTheme" />
41-->src\main\AndroidManifest.xml:21:15-52
42
43            <intent-filter>
43-->src\main\AndroidManifest.xml:23:13-26:29
44                <action android:name="android.intent.action.MAIN" />
44-->src\main\AndroidManifest.xml:24:17-68
44-->src\main\AndroidManifest.xml:24:25-66
45
46                <category android:name="android.intent.category.LAUNCHER" />
46-->src\main\AndroidManifest.xml:25:17-76
46-->src\main\AndroidManifest.xml:25:27-74
47            </intent-filter>
48        </activity>
49        <!--
50             Don't delete the meta-data below.
51             This is used by the Flutter tool to generate GeneratedPluginRegistrant.java
52        -->
53        <meta-data
53-->src\main\AndroidManifest.xml:30:9-32:33
54            android:name="flutterEmbedding"
54-->src\main\AndroidManifest.xml:31:13-44
55            android:value="2" />
55-->src\main\AndroidManifest.xml:32:13-30
56
57        <service
57-->[:firebase_messaging] AndroidManifest.xml:14:9-17:72
58            android:name="io.flutter.plugins.firebase.messaging.FlutterFirebaseMessagingBackgroundService"
58-->[:firebase_messaging] AndroidManifest.xml:15:13-107
59            android:exported="false"
59-->[:firebase_messaging] AndroidManifest.xml:16:13-37
60            android:permission="android.permission.BIND_JOB_SERVICE" />
60-->[:firebase_messaging] AndroidManifest.xml:17:13-69
61        <service
61-->[:firebase_messaging] AndroidManifest.xml:18:9-24:19
62            android:name="io.flutter.plugins.firebase.messaging.FlutterFirebaseMessagingService"
62-->[:firebase_messaging] AndroidManifest.xml:19:13-97
63            android:exported="false" >
63-->[:firebase_messaging] AndroidManifest.xml:20:13-37
64            <intent-filter>
64-->[:firebase_messaging] AndroidManifest.xml:21:13-23:29
65                <action android:name="com.google.firebase.MESSAGING_EVENT" />
65-->[:firebase_messaging] AndroidManifest.xml:22:17-78
65-->[:firebase_messaging] AndroidManifest.xml:22:25-75
66            </intent-filter>
67        </service>
68
69        <receiver
69-->[:firebase_messaging] AndroidManifest.xml:26:9-33:20
70            android:name="io.flutter.plugins.firebase.messaging.FlutterFirebaseMessagingReceiver"
70-->[:firebase_messaging] AndroidManifest.xml:27:13-98
71            android:exported="true"
71-->[:firebase_messaging] AndroidManifest.xml:28:13-36
72            android:permission="com.google.android.c2dm.permission.SEND" >
72-->[:firebase_messaging] AndroidManifest.xml:29:13-73
73            <intent-filter>
73-->[:firebase_messaging] AndroidManifest.xml:30:13-32:29
74                <action android:name="com.google.android.c2dm.intent.RECEIVE" />
74-->[:firebase_messaging] AndroidManifest.xml:31:17-81
74-->[:firebase_messaging] AndroidManifest.xml:31:25-78
75            </intent-filter>
76        </receiver>
77
78        <service
78-->[:firebase_messaging] AndroidManifest.xml:35:9-39:19
79            android:name="com.google.firebase.components.ComponentDiscoveryService"
79-->[:firebase_messaging] AndroidManifest.xml:35:18-89
80            android:directBootAware="true"
80-->[com.google.firebase:firebase-common:20.3.2] AndroidManifest.xml:34:13-43
81            android:exported="false" >
81-->[com.google.firebase:firebase-analytics-ktx:21.3.0] AndroidManifest.xml:10:13-37
82            <meta-data
82-->[:firebase_messaging] AndroidManifest.xml:36:13-38:85
83                android:name="com.google.firebase.components:io.flutter.plugins.firebase.messaging.FlutterFirebaseAppRegistrar"
83-->[:firebase_messaging] AndroidManifest.xml:37:17-128
84                android:value="com.google.firebase.components.ComponentRegistrar" />
84-->[:firebase_messaging] AndroidManifest.xml:38:17-82
85            <meta-data
85-->[:firebase_core] AndroidManifest.xml:9:13-11:85
86                android:name="com.google.firebase.components:io.flutter.plugins.firebase.core.FlutterFirebaseCoreRegistrar"
86-->[:firebase_core] AndroidManifest.xml:10:17-124
87                android:value="com.google.firebase.components.ComponentRegistrar" />
87-->[:firebase_core] AndroidManifest.xml:11:17-82
88            <meta-data
88-->[com.google.firebase:firebase-analytics-ktx:21.3.0] AndroidManifest.xml:11:13-13:85
89                android:name="com.google.firebase.components:com.google.firebase.analytics.ktx.FirebaseAnalyticsKtxRegistrar"
89-->[com.google.firebase:firebase-analytics-ktx:21.3.0] AndroidManifest.xml:12:17-126
90                android:value="com.google.firebase.components.ComponentRegistrar" />
90-->[com.google.firebase:firebase-analytics-ktx:21.3.0] AndroidManifest.xml:13:17-82
91            <meta-data
91-->[com.google.firebase:firebase-common-ktx:20.3.2] AndroidManifest.xml:14:13-16:85
92                android:name="com.google.firebase.components:com.google.firebase.ktx.FirebaseCommonKtxRegistrar"
92-->[com.google.firebase:firebase-common-ktx:20.3.2] AndroidManifest.xml:15:17-113
93                android:value="com.google.firebase.components.ComponentRegistrar" />
93-->[com.google.firebase:firebase-common-ktx:20.3.2] AndroidManifest.xml:16:17-82
94            <meta-data
94-->[com.google.firebase:firebase-messaging:23.1.2] AndroidManifest.xml:55:13-57:85
95                android:name="com.google.firebase.components:com.google.firebase.messaging.FirebaseMessagingRegistrar"
95-->[com.google.firebase:firebase-messaging:23.1.2] AndroidManifest.xml:56:17-119
96                android:value="com.google.firebase.components.ComponentRegistrar" />
96-->[com.google.firebase:firebase-messaging:23.1.2] AndroidManifest.xml:57:17-82
97            <meta-data
97-->[com.google.firebase:firebase-datatransport:18.1.7] AndroidManifest.xml:27:13-29:85
98                android:name="com.google.firebase.components:com.google.firebase.datatransport.TransportRegistrar"
98-->[com.google.firebase:firebase-datatransport:18.1.7] AndroidManifest.xml:28:17-115
99                android:value="com.google.firebase.components.ComponentRegistrar" />
99-->[com.google.firebase:firebase-datatransport:18.1.7] AndroidManifest.xml:29:17-82
100            <meta-data
100-->[com.google.firebase:firebase-iid:21.1.0] AndroidManifest.xml:32:13-34:85
101                android:name="com.google.firebase.components:com.google.firebase.iid.Registrar"
101-->[com.google.firebase:firebase-iid:21.1.0] AndroidManifest.xml:33:17-96
102                android:value="com.google.firebase.components.ComponentRegistrar" />
102-->[com.google.firebase:firebase-iid:21.1.0] AndroidManifest.xml:34:17-82
103            <meta-data
103-->[com.google.android.gms:play-services-measurement-api:21.3.0] AndroidManifest.xml:31:13-33:85
104                android:name="com.google.firebase.components:com.google.firebase.analytics.connector.internal.AnalyticsConnectorRegistrar"
104-->[com.google.android.gms:play-services-measurement-api:21.3.0] AndroidManifest.xml:32:17-139
105                android:value="com.google.firebase.components.ComponentRegistrar" />
105-->[com.google.android.gms:play-services-measurement-api:21.3.0] AndroidManifest.xml:33:17-82
106            <meta-data
106-->[com.google.firebase:firebase-installations:17.1.3] AndroidManifest.xml:17:13-19:85
107                android:name="com.google.firebase.components:com.google.firebase.installations.FirebaseInstallationsRegistrar"
107-->[com.google.firebase:firebase-installations:17.1.3] AndroidManifest.xml:18:17-127
108                android:value="com.google.firebase.components.ComponentRegistrar" />
108-->[com.google.firebase:firebase-installations:17.1.3] AndroidManifest.xml:19:17-82
109        </service>
110
111        <provider
111-->[:firebase_messaging] AndroidManifest.xml:41:9-45:38
112            android:name="io.flutter.plugins.firebase.messaging.FlutterFirebaseMessagingInitProvider"
112-->[:firebase_messaging] AndroidManifest.xml:42:13-102
113            android:authorities="com.example.flutterapp.flutterfirebasemessaginginitprovider"
113-->[:firebase_messaging] AndroidManifest.xml:43:13-88
114            android:exported="false"
114-->[:firebase_messaging] AndroidManifest.xml:44:13-37
115            android:initOrder="99" />
115-->[:firebase_messaging] AndroidManifest.xml:45:13-35
116
117        <uses-library
117-->[androidx.window:window:1.0.0-beta04] AndroidManifest.xml:25:9-27:40
118            android:name="androidx.window.extensions"
118-->[androidx.window:window:1.0.0-beta04] AndroidManifest.xml:26:13-54
119            android:required="false" />
119-->[androidx.window:window:1.0.0-beta04] AndroidManifest.xml:27:13-37
120        <uses-library
120-->[androidx.window:window:1.0.0-beta04] AndroidManifest.xml:28:9-30:40
121            android:name="androidx.window.sidecar"
121-->[androidx.window:window:1.0.0-beta04] AndroidManifest.xml:29:13-51
122            android:required="false" />
122-->[androidx.window:window:1.0.0-beta04] AndroidManifest.xml:30:13-37
123
124        <receiver
124-->[com.google.firebase:firebase-messaging-directboot:23.1.2] AndroidManifest.xml:31:9-39:20
125            android:name="com.google.firebase.messaging.directboot.FirebaseMessagingDirectBootReceiver"
125-->[com.google.firebase:firebase-messaging-directboot:23.1.2] AndroidManifest.xml:32:13-104
126            android:directBootAware="true"
126-->[com.google.firebase:firebase-messaging-directboot:23.1.2] AndroidManifest.xml:33:13-43
127            android:exported="true"
127-->[com.google.firebase:firebase-messaging-directboot:23.1.2] AndroidManifest.xml:34:13-36
128            android:permission="com.google.android.c2dm.permission.SEND" >
128-->[com.google.firebase:firebase-messaging-directboot:23.1.2] AndroidManifest.xml:35:13-73
129            <intent-filter>
129-->[com.google.firebase:firebase-messaging-directboot:23.1.2] AndroidManifest.xml:36:13-38:29
130                <action android:name="com.google.firebase.messaging.RECEIVE_DIRECT_BOOT" />
130-->[com.google.firebase:firebase-messaging-directboot:23.1.2] AndroidManifest.xml:37:17-92
130-->[com.google.firebase:firebase-messaging-directboot:23.1.2] AndroidManifest.xml:37:25-89
131            </intent-filter>
132        </receiver>
133        <receiver
133-->[com.google.firebase:firebase-messaging:23.1.2] AndroidManifest.xml:31:9-38:20
134            android:name="com.google.firebase.iid.FirebaseInstanceIdReceiver"
134-->[com.google.firebase:firebase-messaging:23.1.2] AndroidManifest.xml:32:13-78
135            android:exported="true"
135-->[com.google.firebase:firebase-messaging:23.1.2] AndroidManifest.xml:33:13-36
136            android:permission="com.google.android.c2dm.permission.SEND" >
136-->[com.google.firebase:firebase-messaging:23.1.2] AndroidManifest.xml:34:13-73
137            <intent-filter>
137-->[:firebase_messaging] AndroidManifest.xml:30:13-32:29
138                <action android:name="com.google.android.c2dm.intent.RECEIVE" />
138-->[:firebase_messaging] AndroidManifest.xml:31:17-81
138-->[:firebase_messaging] AndroidManifest.xml:31:25-78
139            </intent-filter>
140        </receiver>
141        <!--
142             FirebaseMessagingService performs security checks at runtime,
143             but set to not exported to explicitly avoid allowing another app to call it.
144        -->
145        <service
145-->[com.google.firebase:firebase-messaging:23.1.2] AndroidManifest.xml:44:9-51:19
146            android:name="com.google.firebase.messaging.FirebaseMessagingService"
146-->[com.google.firebase:firebase-messaging:23.1.2] AndroidManifest.xml:45:13-82
147            android:directBootAware="true"
147-->[com.google.firebase:firebase-messaging:23.1.2] AndroidManifest.xml:46:13-43
148            android:exported="false" >
148-->[com.google.firebase:firebase-messaging:23.1.2] AndroidManifest.xml:47:13-37
149            <intent-filter android:priority="-500" >
149-->[:firebase_messaging] AndroidManifest.xml:21:13-23:29
150                <action android:name="com.google.firebase.MESSAGING_EVENT" />
150-->[:firebase_messaging] AndroidManifest.xml:22:17-78
150-->[:firebase_messaging] AndroidManifest.xml:22:25-75
151            </intent-filter>
152        </service>
153        <service
153-->[com.google.android.datatransport:transport-backend-cct:3.1.8] AndroidManifest.xml:28:9-34:19
154            android:name="com.google.android.datatransport.runtime.backends.TransportBackendDiscovery"
154-->[com.google.android.datatransport:transport-backend-cct:3.1.8] AndroidManifest.xml:29:13-103
155            android:exported="false" >
155-->[com.google.android.datatransport:transport-backend-cct:3.1.8] AndroidManifest.xml:30:13-37
156            <meta-data
156-->[com.google.android.datatransport:transport-backend-cct:3.1.8] AndroidManifest.xml:31:13-33:39
157                android:name="backend:com.google.android.datatransport.cct.CctBackendFactory"
157-->[com.google.android.datatransport:transport-backend-cct:3.1.8] AndroidManifest.xml:32:17-94
158                android:value="cct" />
158-->[com.google.android.datatransport:transport-backend-cct:3.1.8] AndroidManifest.xml:33:17-36
159        </service>
160        <service
160-->[com.google.android.datatransport:transport-runtime:3.1.8] AndroidManifest.xml:26:9-30:19
161            android:name="com.google.android.datatransport.runtime.scheduling.jobscheduling.JobInfoSchedulerService"
161-->[com.google.android.datatransport:transport-runtime:3.1.8] AndroidManifest.xml:27:13-117
162            android:exported="false"
162-->[com.google.android.datatransport:transport-runtime:3.1.8] AndroidManifest.xml:28:13-37
163            android:permission="android.permission.BIND_JOB_SERVICE" >
163-->[com.google.android.datatransport:transport-runtime:3.1.8] AndroidManifest.xml:29:13-69
164        </service>
165
166        <receiver
166-->[com.google.android.datatransport:transport-runtime:3.1.8] AndroidManifest.xml:32:9-34:40
167            android:name="com.google.android.datatransport.runtime.scheduling.jobscheduling.AlarmManagerSchedulerBroadcastReceiver"
167-->[com.google.android.datatransport:transport-runtime:3.1.8] AndroidManifest.xml:33:13-132
168            android:exported="false" />
168-->[com.google.android.datatransport:transport-runtime:3.1.8] AndroidManifest.xml:34:13-37
169
170        <provider
170-->[com.google.firebase:firebase-common:20.3.2] AndroidManifest.xml:25:9-30:39
171            android:name="com.google.firebase.provider.FirebaseInitProvider"
171-->[com.google.firebase:firebase-common:20.3.2] AndroidManifest.xml:26:13-77
172            android:authorities="com.example.flutterapp.firebaseinitprovider"
172-->[com.google.firebase:firebase-common:20.3.2] AndroidManifest.xml:27:13-72
173            android:directBootAware="true"
173-->[com.google.firebase:firebase-common:20.3.2] AndroidManifest.xml:28:13-43
174            android:exported="false"
174-->[com.google.firebase:firebase-common:20.3.2] AndroidManifest.xml:29:13-37
175            android:initOrder="100" />
175-->[com.google.firebase:firebase-common:20.3.2] AndroidManifest.xml:30:13-36
176
177        <receiver
177-->[com.google.android.gms:play-services-measurement:21.3.0] AndroidManifest.xml:29:9-33:20
178            android:name="com.google.android.gms.measurement.AppMeasurementReceiver"
178-->[com.google.android.gms:play-services-measurement:21.3.0] AndroidManifest.xml:30:13-85
179            android:enabled="true"
179-->[com.google.android.gms:play-services-measurement:21.3.0] AndroidManifest.xml:31:13-35
180            android:exported="false" >
180-->[com.google.android.gms:play-services-measurement:21.3.0] AndroidManifest.xml:32:13-37
181        </receiver>
182
183        <service
183-->[com.google.android.gms:play-services-measurement:21.3.0] AndroidManifest.xml:35:9-38:40
184            android:name="com.google.android.gms.measurement.AppMeasurementService"
184-->[com.google.android.gms:play-services-measurement:21.3.0] AndroidManifest.xml:36:13-84
185            android:enabled="true"
185-->[com.google.android.gms:play-services-measurement:21.3.0] AndroidManifest.xml:37:13-35
186            android:exported="false" />
186-->[com.google.android.gms:play-services-measurement:21.3.0] AndroidManifest.xml:38:13-37
187        <service
187-->[com.google.android.gms:play-services-measurement:21.3.0] AndroidManifest.xml:39:9-43:72
188            android:name="com.google.android.gms.measurement.AppMeasurementJobService"
188-->[com.google.android.gms:play-services-measurement:21.3.0] AndroidManifest.xml:40:13-87
189            android:enabled="true"
189-->[com.google.android.gms:play-services-measurement:21.3.0] AndroidManifest.xml:41:13-35
190            android:exported="false"
190-->[com.google.android.gms:play-services-measurement:21.3.0] AndroidManifest.xml:42:13-37
191            android:permission="android.permission.BIND_JOB_SERVICE" />
191-->[com.google.android.gms:play-services-measurement:21.3.0] AndroidManifest.xml:43:13-69
192
193        <activity
193-->[com.google.android.gms:play-services-base:18.0.1] AndroidManifest.xml:20:9-22:45
194            android:name="com.google.android.gms.common.api.GoogleApiActivity"
194-->[com.google.android.gms:play-services-base:18.0.1] AndroidManifest.xml:20:19-85
195            android:exported="false"
195-->[com.google.android.gms:play-services-base:18.0.1] AndroidManifest.xml:22:19-43
196            android:theme="@android:style/Theme.Translucent.NoTitleBar" />
196-->[com.google.android.gms:play-services-base:18.0.1] AndroidManifest.xml:21:19-78
197
198        <meta-data
198-->[com.google.android.gms:play-services-basement:18.1.0] AndroidManifest.xml:21:9-23:69
199            android:name="com.google.android.gms.version"
199-->[com.google.android.gms:play-services-basement:18.1.0] AndroidManifest.xml:22:13-58
200            android:value="@integer/google_play_services_version" />
200-->[com.google.android.gms:play-services-basement:18.1.0] AndroidManifest.xml:23:13-66
201    </application>
202
203</manifest>